# JRE version: OpenJDK Runtime Environment Temurin-21.0.11+10 (21.0.11+10) (build 21.0.11+10-LTS)
# Java VM: OpenJDK 64-Bit Server VM Temurin-21.0.11+10 (21.0.11+10-LTS, mixed mode, sharing, tiered, compressed oops, compressed class ptrs, g1 gc, windows-amd64)
GC Precious Log:
 CardTable entry size: 512
 Card Set container configuration: InlinePtr #cards 5 size 8 Array Of Cards #cards 12 size 40 Howl #buckets 4 coarsen threshold 1843 Howl Bitmap #cards 512 size 80 coarsen threshold 460 Card regions per heap region 1 cards per card region 2048
 CPUs: 8 total, 8 available
 Memory: 7987M
 Large Page Support: Disabled
 NUMA Support: Disabled
 Compressed Oops: Enabled (32-bit)
 Heap Region Size: 1M
 Heap Min Capacity: 8M
 Heap Initial Capacity: 126M
 Heap Max Capacity: 1998M
 Pre-touch: Disabled
 Parallel Workers: 8
 Concurrent Workers: 2
 Concurrent Refinement Workers: 8
 Periodic GC: Disabled
Heap:
 garbage-first heap   total 79872K, used 63716K [0x0000000083200000, 0x0000000100000000)
  region size 1024K, 36 young (36864K), 4 survivors (4096K)
 Metaspace       used 57923K, committed 58560K, reserved 1114112K
  class space    used 7614K, committed 7872K, reserved 1048576K
GC Heap History (20 events):
Event: 2.701 GC heap before
{Heap before GC invocations=4 (full 0):
 garbage-first heap   total 55296K, used 42372K [0x0000000083200000, 0x0000000100000000)
  region size 1024K, 32 young (32768K), 5 survivors (5120K)
 Metaspace       used 25837K, committed 26240K, reserved 1114112K
  class space    used 3162K, committed 3328K, reserved 1048576K
}
Event: 2.708 GC heap after
{Heap after GC invocations=5 (full 0):
 garbage-first heap   total 55296K, used 19065K [0x0000000083200000, 0x0000000100000000)
  region size 1024K, 4 young (4096K), 4 survivors (4096K)
 Metaspace       used 25837K, committed 26240K, reserved 1114112K
  class space    used 3162K, committed 3328K, reserved 1048576K
}
Event: 3.259 GC heap before
{Heap before GC invocations=5 (full 0):
 garbage-first heap   total 55296K, used 40569K [0x0000000083200000, 0x0000000100000000)
  region size 1024K, 25 young (25600K), 4 survivors (4096K)
 Metaspace       used 26875K, committed 27264K, reserved 1114112K
  class space    used 3294K, committed 3456K, reserved 1048576K
}
Event: 3.265 GC heap after
{Heap after GC invocations=6 (full 0):
 garbage-first heap   total 55296K, used 21032K [0x0000000083200000, 0x0000000100000000)
  region size 1024K, 3 young (3072K), 3 survivors (3072K)
 Metaspace       used 26875K, committed 27264K, reserved 1114112K
  class space    used 3294K, committed 3456K, reserved 1048576K
}
Event: 3.745 GC heap before
{Heap before GC invocations=6 (full 0):
 garbage-first heap   total 55296K, used 42536K [0x0000000083200000, 0x0000000100000000)
  region size 1024K, 24 young (24576K), 3 survivors (3072K)
 Metaspace       used 29992K, committed 30400K, reserved 1114112K
  class space    used 3688K, committed 3904K, reserved 1048576K
}
Event: 3.750 GC heap after
{Heap after GC invocations=7 (full 0):
 garbage-first heap   total 55296K, used 22687K [0x0000000083200000, 0x0000000100000000)
  region size 1024K, 2 young (2048K), 2 survivors (2048K)
 Metaspace       used 29992K, committed 30400K, reserved 1114112K
  class space    used 3688K, committed 3904K, reserved 1048576K
}
Event: 3.995 GC heap before
{Heap before GC invocations=7 (full 0):
 garbage-first heap   total 55296K, used 43167K [0x0000000083200000, 0x0000000100000000)
  region size 1024K, 23 young (23552K), 2 survivors (2048K)
 Metaspace       used 31758K, committed 32128K, reserved 1114112K
  class space    used 3975K, committed 4160K, reserved 1048576K
}
Event: 3.999 GC heap after
{Heap after GC invocations=8 (full 0):
 garbage-first heap   total 55296K, used 23410K [0x0000000083200000, 0x0000000100000000)
  region size 1024K, 1 young (1024K), 1 survivors (1024K)
 Metaspace       used 31758K, committed 32128K, reserved 1114112K
  class space    used 3975K, committed 4160K, reserved 1048576K
}
Event: 4.540 GC heap before
{Heap before GC invocations=8 (full 0):
 garbage-first heap   total 55296K, used 44914K [0x0000000083200000, 0x0000000100000000)
  region size 1024K, 23 young (23552K), 1 survivors (1024K)
 Metaspace       used 35008K, committed 35456K, reserved 1114112K
  class space    used 4516K, committed 4736K, reserved 1048576K
}
Event: 4.546 GC heap after
{Heap after GC invocations=9 (full 0):
 garbage-first heap   total 66560K, used 25194K [0x0000000083200000, 0x0000000100000000)
  region size 1024K, 3 young (3072K), 3 survivors (3072K)
 Metaspace       used 35008K, committed 35456K, reserved 1114112K
  class space    used 4516K, committed 4736K, reserved 1048576K
}
Event: 4.763 GC heap before
{Heap before GC invocations=9 (full 0):
 garbage-first heap   total 66560K, used 29290K [0x0000000083200000, 0x0000000100000000)
  region size 1024K, 9 young (9216K), 3 survivors (3072K)
 Metaspace       used 35848K, committed 36288K, reserved 1114112K
  class space    used 4652K, committed 4864K, reserved 1048576K
}
Event: 4.770 GC heap after
{Heap after GC invocations=10 (full 0):
 garbage-first heap   total 66560K, used 26234K [0x0000000083200000, 0x0000000100000000)
  region size 1024K, 4 young (4096K), 4 survivors (4096K)
 Metaspace       used 35848K, committed 36288K, reserved 1114112K
  class space    used 4652K, committed 4864K, reserved 1048576K
}
Event: 5.483 GC heap before
{Heap before GC invocations=11 (full 0):
 garbage-first heap   total 66560K, used 55930K [0x0000000083200000, 0x0000000100000000)
  region size 1024K, 33 young (33792K), 4 survivors (4096K)
 Metaspace       used 40185K, committed 40704K, reserved 1114112K
  class space    used 5217K, committed 5440K, reserved 1048576K
}
Event: 5.490 GC heap after
{Heap after GC invocations=12 (full 0):
 garbage-first heap   total 66560K, used 28169K [0x0000000083200000, 0x0000000100000000)
  region size 1024K, 5 young (5120K), 5 survivors (5120K)
 Metaspace       used 40185K, committed 40704K, reserved 1114112K
  class space    used 5217K, committed 5440K, reserved 1048576K
}
Event: 5.915 GC heap before
{Heap before GC invocations=12 (full 0):
 garbage-first heap   total 66560K, used 56841K [0x0000000083200000, 0x0000000100000000)
  region size 1024K, 33 young (33792K), 5 survivors (5120K)
 Metaspace       used 42976K, committed 43584K, reserved 1114112K
  class space    used 5548K, committed 5824K, reserved 1048576K
}
Event: 5.925 GC heap after
{Heap after GC invocations=13 (full 0):
 garbage-first heap   total 66560K, used 29199K [0x0000000083200000, 0x0000000100000000)
  region size 1024K, 4 young (4096K), 4 survivors (4096K)
 Metaspace       used 42976K, committed 43584K, reserved 1114112K
  class space    used 5548K, committed 5824K, reserved 1048576K
}
Event: 6.276 GC heap before
{Heap before GC invocations=13 (full 0):
 garbage-first heap   total 66560K, used 57871K [0x0000000083200000, 0x0000000100000000)
  region size 1024K, 32 young (32768K), 4 survivors (4096K)
 Metaspace       used 46282K, committed 46848K, reserved 1114112K
  class space    used 5907K, committed 6144K, reserved 1048576K
}
Event: 6.280 GC heap after
{Heap after GC invocations=14 (full 0):
 garbage-first heap   total 66560K, used 31420K [0x0000000083200000, 0x0000000100000000)
  region size 1024K, 4 young (4096K), 4 survivors (4096K)
 Metaspace       used 46282K, committed 46848K, reserved 1114112K
  class space    used 5907K, committed 6144K, reserved 1048576K
}
Event: 7.264 GC heap before
{Heap before GC invocations=14 (full 0):
 garbage-first heap   total 66560K, used 59068K [0x0000000083200000, 0x0000000100000000)
  region size 1024K, 31 young (31744K), 4 survivors (4096K)
 Metaspace       used 49337K, committed 49984K, reserved 1114112K
  class space    used 6307K, committed 6592K, reserved 1048576K
}
Event: 7.267 GC heap after
{Heap after GC invocations=15 (full 0):
 garbage-first heap   total 79872K, used 32996K [0x0000000083200000, 0x0000000100000000)
  region size 1024K, 4 young (4096K), 4 survivors (4096K)
 Metaspace       used 49337K, committed 49984K, reserved 1114112K
  class space    used 6307K, committed 6592K, reserved 1048576K
}

