# JRE version: OpenJDK Runtime Environment Temurin-21.0.11+10 (21.0.11+10) (build 21.0.11+10-LTS)
# Java VM: OpenJDK 64-Bit Server VM Temurin-21.0.11+10 (21.0.11+10-LTS, mixed mode, sharing, tiered, compressed oops, compressed class ptrs, g1 gc, windows-amd64)
GC Precious Log:
 CardTable entry size: 512
 Card Set container configuration: InlinePtr #cards 5 size 8 Array Of Cards #cards 12 size 40 Howl #buckets 4 coarsen threshold 1843 Howl Bitmap #cards 512 size 80 coarsen threshold 460 Card regions per heap region 1 cards per card region 2048
 CPUs: 8 total, 8 available
 Memory: 7987M
 Large Page Support: Disabled
 NUMA Support: Disabled
 Compressed Oops: Enabled (32-bit)
 Heap Region Size: 1M
 Heap Min Capacity: 8M
 Heap Initial Capacity: 126M
 Heap Max Capacity: 1998M
 Pre-touch: Disabled
 Parallel Workers: 8
 Concurrent Workers: 2
 Concurrent Refinement Workers: 8
 Periodic GC: Disabled
Heap:
 garbage-first heap   total 89088K, used 67293K [0x0000000083200000, 0x0000000100000000)
  region size 1024K, 22 young (22528K), 4 survivors (4096K)
 Metaspace       used 83487K, committed 84416K, reserved 1179648K
  class space    used 11406K, committed 11840K, reserved 1048576K
GC Heap History (20 events):
Event: 9.613 GC heap before
{Heap before GC invocations=14 (full 0):
 garbage-first heap   total 84992K, used 59097K [0x0000000083200000, 0x0000000100000000)
  region size 1024K, 30 young (30720K), 4 survivors (4096K)
 Metaspace       used 59831K, committed 60416K, reserved 1114112K
  class space    used 7843K, committed 8128K, reserved 1048576K
}
Event: 9.616 GC heap after
{Heap after GC invocations=15 (full 0):
 garbage-first heap   total 84992K, used 35055K [0x0000000083200000, 0x0000000100000000)
  region size 1024K, 4 young (4096K), 4 survivors (4096K)
 Metaspace       used 59831K, committed 60416K, reserved 1114112K
  class space    used 7843K, committed 8128K, reserved 1048576K
}
Event: 10.422 GC heap before
{Heap before GC invocations=16 (full 0):
 garbage-first heap   total 84992K, used 72943K [0x0000000083200000, 0x0000000100000000)
  region size 1024K, 42 young (43008K), 4 survivors (4096K)
 Metaspace       used 68484K, committed 69184K, reserved 1114112K
  class space    used 9272K, committed 9600K, reserved 1048576K
}
Event: 10.426 GC heap after
{Heap after GC invocations=17 (full 0):
 garbage-first heap   total 84992K, used 36147K [0x0000000083200000, 0x0000000100000000)
  region size 1024K, 3 young (3072K), 3 survivors (3072K)
 Metaspace       used 68484K, committed 69184K, reserved 1114112K
  class space    used 9272K, committed 9600K, reserved 1048576K
}
Event: 11.207 GC heap before
{Heap before GC invocations=17 (full 0):
 garbage-first heap   total 84992K, used 76083K [0x0000000083200000, 0x0000000100000000)
  region size 1024K, 42 young (43008K), 3 survivors (3072K)
 Metaspace       used 72688K, committed 73344K, reserved 1114112K
  class space    used 9811K, committed 10112K, reserved 1048576K
}
Event: 11.212 GC heap after
{Heap after GC invocations=18 (full 0):
 garbage-first heap   total 84992K, used 38602K [0x0000000083200000, 0x0000000100000000)
  region size 1024K, 6 young (6144K), 6 survivors (6144K)
 Metaspace       used 72688K, committed 73344K, reserved 1114112K
  class space    used 9811K, committed 10112K, reserved 1048576K
}
Event: 11.638 GC heap before
{Heap before GC invocations=18 (full 0):
 garbage-first heap   total 84992K, used 75466K [0x0000000083200000, 0x0000000100000000)
  region size 1024K, 42 young (43008K), 6 survivors (6144K)
 Metaspace       used 75130K, committed 75840K, reserved 1179648K
  class space    used 10149K, committed 10496K, reserved 1048576K
}
Event: 11.644 GC heap after
{Heap after GC invocations=19 (full 0):
 garbage-first heap   total 84992K, used 40737K [0x0000000083200000, 0x0000000100000000)
  region size 1024K, 5 young (5120K), 5 survivors (5120K)
 Metaspace       used 75130K, committed 75840K, reserved 1179648K
  class space    used 10149K, committed 10496K, reserved 1048576K
}
Event: 12.092 GC heap before
{Heap before GC invocations=19 (full 0):
 garbage-first heap   total 84992K, used 76577K [0x0000000083200000, 0x0000000100000000)
  region size 1024K, 40 young (40960K), 5 survivors (5120K)
 Metaspace       used 76590K, committed 77312K, reserved 1179648K
  class space    used 10346K, committed 10688K, reserved 1048576K
}
Event: 12.097 GC heap after
{Heap after GC invocations=20 (full 0):
 garbage-first heap   total 84992K, used 42992K [0x0000000083200000, 0x0000000100000000)
  region size 1024K, 5 young (5120K), 5 survivors (5120K)
 Metaspace       used 76590K, committed 77312K, reserved 1179648K
  class space    used 10346K, committed 10688K, reserved 1048576K
}
Event: 12.842 GC heap before
{Heap before GC invocations=21 (full 0):
 garbage-first heap   total 84992K, used 77808K [0x0000000083200000, 0x0000000100000000)
  region size 1024K, 39 young (39936K), 5 survivors (5120K)
 Metaspace       used 77268K, committed 78016K, reserved 1179648K
  class space    used 10495K, committed 10816K, reserved 1048576K
}
Event: 12.848 GC heap after
{Heap after GC invocations=22 (full 0):
 garbage-first heap   total 84992K, used 44245K [0x0000000083200000, 0x0000000100000000)
  region size 1024K, 4 young (4096K), 4 survivors (4096K)
 Metaspace       used 77268K, committed 78016K, reserved 1179648K
  class space    used 10495K, committed 10816K, reserved 1048576K
}
Event: 13.627 GC heap before
{Heap before GC invocations=22 (full 0):
 garbage-first heap   total 84992K, used 77013K [0x0000000083200000, 0x0000000100000000)
  region size 1024K, 37 young (37888K), 4 survivors (4096K)
 Metaspace       used 77740K, committed 78528K, reserved 1179648K
  class space    used 10570K, committed 10944K, reserved 1048576K
}
Event: 13.637 GC heap after
{Heap after GC invocations=23 (full 0):
 garbage-first heap   total 86016K, used 44979K [0x0000000083200000, 0x0000000100000000)
  region size 1024K, 3 young (3072K), 3 survivors (3072K)
 Metaspace       used 77740K, committed 78528K, reserved 1179648K
  class space    used 10570K, committed 10944K, reserved 1048576K
}
Event: 14.798 GC heap before
{Heap before GC invocations=23 (full 0):
 garbage-first heap   total 86016K, used 78771K [0x0000000083200000, 0x0000000100000000)
  region size 1024K, 36 young (36864K), 3 survivors (3072K)
 Metaspace       used 79051K, committed 79872K, reserved 1179648K
  class space    used 10737K, committed 11136K, reserved 1048576K
}
Event: 14.803 GC heap after
{Heap after GC invocations=24 (full 0):
 garbage-first heap   total 86016K, used 46837K [0x0000000083200000, 0x0000000100000000)
  region size 1024K, 3 young (3072K), 3 survivors (3072K)
 Metaspace       used 79051K, committed 79872K, reserved 1179648K
  class space    used 10737K, committed 11136K, reserved 1048576K
}
Event: 16.285 GC heap before
{Heap before GC invocations=25 (full 0):
 garbage-first heap   total 86016K, used 80629K [0x0000000083200000, 0x0000000100000000)
  region size 1024K, 36 young (36864K), 3 survivors (3072K)
 Metaspace       used 80345K, committed 81152K, reserved 1179648K
  class space    used 10937K, committed 11328K, reserved 1048576K
}
Event: 16.289 GC heap after
{Heap after GC invocations=26 (full 0):
 garbage-first heap   total 86016K, used 48758K [0x0000000083200000, 0x0000000100000000)
  region size 1024K, 4 young (4096K), 4 survivors (4096K)
 Metaspace       used 80345K, committed 81152K, reserved 1179648K
  class space    used 10937K, committed 11328K, reserved 1048576K
}
Event: 17.273 GC heap before
{Heap before GC invocations=26 (full 0):
 garbage-first heap   total 86016K, used 80502K [0x0000000083200000, 0x0000000100000000)
  region size 1024K, 35 young (35840K), 4 survivors (4096K)
 Metaspace       used 81763K, committed 82560K, reserved 1179648K
  class space    used 11141K, committed 11520K, reserved 1048576K
}
Event: 17.279 GC heap after
{Heap after GC invocations=27 (full 0):
 garbage-first heap   total 89088K, used 49885K [0x0000000083200000, 0x0000000100000000)
  region size 1024K, 4 young (4096K), 4 survivors (4096K)
 Metaspace       used 81763K, committed 82560K, reserved 1179648K
  class space    used 11141K, committed 11520K, reserved 1048576K
}

