# JRE version: OpenJDK Runtime Environment Temurin-17.0.19+10 (17.0.19+10) (build 17.0.19+10)
# Java VM: OpenJDK 64-Bit Server VM Temurin-17.0.19+10 (17.0.19+10, mixed mode, sharing, tiered, compressed oops, compressed class ptrs, g1 gc, windows-amd64)
GC Precious Log:
 CPUs: 8 total, 8 available
 Memory: 7987M
 Large Page Support: Disabled
 NUMA Support: Disabled
 Compressed Oops: Enabled (32-bit)
 Heap Region Size: 1M
 Heap Min Capacity: 8M
 Heap Initial Capacity: 126M
 Heap Max Capacity: 1998M
 Pre-touch: Disabled
 Parallel Workers: 8
 Concurrent Workers: 2
 Concurrent Refinement Workers: 8
 Periodic GC: Disabled
Heap:
 garbage-first heap   total 75776K, used 35390K [0x0000000083200000, 0x0000000100000000)
  region size 1024K, 9 young (9216K), 3 survivors (3072K)
 Metaspace       used 52212K, committed 52800K, reserved 1114112K
  class space    used 6976K, committed 7296K, reserved 1048576K
GC Heap History (20 events):
Event: 2.803 GC heap before
{Heap before GC invocations=5 (full 0):
 garbage-first heap   total 48128K, used 15905K [0x0000000083200000, 0x0000000100000000)
  region size 1024K, 8 young (8192K), 7 survivors (7168K)
 Metaspace       used 23513K, committed 23808K, reserved 1114112K
  class space    used 2956K, committed 3072K, reserved 1048576K
}
Event: 2.811 GC heap after
{Heap after GC invocations=6 (full 0):
 garbage-first heap   total 48128K, used 15383K [0x0000000083200000, 0x0000000100000000)
  region size 1024K, 1 young (1024K), 1 survivors (1024K)
 Metaspace       used 23513K, committed 23808K, reserved 1114112K
  class space    used 2956K, committed 3072K, reserved 1048576K
}
Event: 3.122 GC heap before
{Heap before GC invocations=6 (full 0):
 garbage-first heap   total 48128K, used 32791K [0x0000000083200000, 0x0000000100000000)
  region size 1024K, 18 young (18432K), 1 survivors (1024K)
 Metaspace       used 25102K, committed 25408K, reserved 1114112K
  class space    used 3178K, committed 3328K, reserved 1048576K
}
Event: 3.125 GC heap after
{Heap after GC invocations=7 (full 0):
 garbage-first heap   total 48128K, used 15832K [0x0000000083200000, 0x0000000100000000)
  region size 1024K, 2 young (2048K), 2 survivors (2048K)
 Metaspace       used 25102K, committed 25408K, reserved 1114112K
  class space    used 3178K, committed 3328K, reserved 1048576K
}
Event: 3.531 GC heap before
{Heap before GC invocations=7 (full 0):
 garbage-first heap   total 48128K, used 33240K [0x0000000083200000, 0x0000000100000000)
  region size 1024K, 19 young (19456K), 2 survivors (2048K)
 Metaspace       used 26628K, committed 26944K, reserved 1114112K
  class space    used 3413K, committed 3584K, reserved 1048576K
}
Event: 3.535 GC heap after
{Heap after GC invocations=8 (full 0):
 garbage-first heap   total 48128K, used 16818K [0x0000000083200000, 0x0000000100000000)
  region size 1024K, 3 young (3072K), 3 survivors (3072K)
 Metaspace       used 26628K, committed 26944K, reserved 1114112K
  class space    used 3413K, committed 3584K, reserved 1048576K
}
Event: 3.981 GC heap before
{Heap before GC invocations=8 (full 0):
 garbage-first heap   total 48128K, used 34226K [0x0000000083200000, 0x0000000100000000)
  region size 1024K, 20 young (20480K), 3 survivors (3072K)
 Metaspace       used 29239K, committed 29696K, reserved 1114112K
  class space    used 3802K, committed 4032K, reserved 1048576K
}
Event: 3.989 GC heap after
{Heap after GC invocations=9 (full 0):
 garbage-first heap   total 48128K, used 18491K [0x0000000083200000, 0x0000000100000000)
  region size 1024K, 3 young (3072K), 3 survivors (3072K)
 Metaspace       used 29239K, committed 29696K, reserved 1114112K
  class space    used 3802K, committed 4032K, reserved 1048576K
}
Event: 4.439 GC heap before
{Heap before GC invocations=9 (full 0):
 garbage-first heap   total 48128K, used 34875K [0x0000000083200000, 0x0000000100000000)
  region size 1024K, 19 young (19456K), 3 survivors (3072K)
 Metaspace       used 32862K, committed 33280K, reserved 1114112K
  class space    used 4332K, committed 4544K, reserved 1048576K
}
Event: 4.447 GC heap after
{Heap after GC invocations=10 (full 0):
 garbage-first heap   total 48128K, used 19604K [0x0000000083200000, 0x0000000100000000)
  region size 1024K, 2 young (2048K), 2 survivors (2048K)
 Metaspace       used 32862K, committed 33280K, reserved 1114112K
  class space    used 4332K, committed 4544K, reserved 1048576K
}
Event: 4.945 GC heap before
{Heap before GC invocations=10 (full 0):
 garbage-first heap   total 48128K, used 35988K [0x0000000083200000, 0x0000000100000000)
  region size 1024K, 18 young (18432K), 2 survivors (2048K)
 Metaspace       used 34612K, committed 35008K, reserved 1114112K
  class space    used 4548K, committed 4736K, reserved 1048576K
}
Event: 4.952 GC heap after
{Heap after GC invocations=11 (full 0):
 garbage-first heap   total 96256K, used 20661K [0x0000000083200000, 0x0000000100000000)
  region size 1024K, 3 young (3072K), 3 survivors (3072K)
 Metaspace       used 34612K, committed 35008K, reserved 1114112K
  class space    used 4548K, committed 4736K, reserved 1048576K
}
Event: 5.187 GC heap before
{Heap before GC invocations=11 (full 0):
 garbage-first heap   total 96256K, used 28853K [0x0000000083200000, 0x0000000100000000)
  region size 1024K, 12 young (12288K), 3 survivors (3072K)
 Metaspace       used 35775K, committed 36160K, reserved 1114112K
  class space    used 4735K, committed 4928K, reserved 1048576K
}
Event: 5.193 GC heap after
{Heap after GC invocations=12 (full 0):
 garbage-first heap   total 96256K, used 20977K [0x0000000083200000, 0x0000000100000000)
  region size 1024K, 3 young (3072K), 3 survivors (3072K)
 Metaspace       used 35775K, committed 36160K, reserved 1114112K
  class space    used 4735K, committed 4928K, reserved 1048576K
}
Event: 6.686 GC heap before
{Heap before GC invocations=13 (full 0):
 garbage-first heap   total 75776K, used 62961K [0x0000000083200000, 0x0000000100000000)
  region size 1024K, 44 young (45056K), 3 survivors (3072K)
 Metaspace       used 40415K, committed 40896K, reserved 1114112K
  class space    used 5420K, committed 5632K, reserved 1048576K
}
Event: 6.698 GC heap after
{Heap after GC invocations=14 (full 0):
 garbage-first heap   total 75776K, used 24212K [0x0000000083200000, 0x0000000100000000)
  region size 1024K, 6 young (6144K), 6 survivors (6144K)
 Metaspace       used 40415K, committed 40896K, reserved 1114112K
  class space    used 5420K, committed 5632K, reserved 1048576K
}
Event: 7.992 GC heap before
{Heap before GC invocations=14 (full 0):
 garbage-first heap   total 75776K, used 59028K [0x0000000083200000, 0x0000000100000000)
  region size 1024K, 40 young (40960K), 6 survivors (6144K)
 Metaspace       used 46167K, committed 46656K, reserved 1114112K
  class space    used 6184K, committed 6400K, reserved 1048576K
}
Event: 8.010 GC heap after
{Heap after GC invocations=15 (full 0):
 garbage-first heap   total 75776K, used 27400K [0x0000000083200000, 0x0000000100000000)
  region size 1024K, 4 young (4096K), 4 survivors (4096K)
 Metaspace       used 46167K, committed 46656K, reserved 1114112K
  class space    used 6184K, committed 6400K, reserved 1048576K
}
Event: 161.098 GC heap before
{Heap before GC invocations=15 (full 0):
 garbage-first heap   total 75776K, used 58120K [0x0000000083200000, 0x0000000100000000)
  region size 1024K, 34 young (34816K), 4 survivors (4096K)
 Metaspace       used 52074K, committed 52672K, reserved 1114112K
  class space    used 6975K, committed 7296K, reserved 1048576K
}
Event: 161.614 GC heap after
{Heap after GC invocations=16 (full 0):
 garbage-first heap   total 75776K, used 30270K [0x0000000083200000, 0x0000000100000000)
  region size 1024K, 3 young (3072K), 3 survivors (3072K)
 Metaspace       used 52074K, committed 52672K, reserved 1114112K
  class space    used 6975K, committed 7296K, reserved 1048576K
}

