# JRE version: OpenJDK Runtime Environment Temurin-21.0.11+10 (21.0.11+10) (build 21.0.11+10-LTS)
# Java VM: OpenJDK 64-Bit Server VM Temurin-21.0.11+10 (21.0.11+10-LTS, mixed mode, sharing, tiered, compressed oops, compressed class ptrs, g1 gc, windows-amd64)
GC Precious Log:
 CardTable entry size: 512
 Card Set container configuration: InlinePtr #cards 5 size 8 Array Of Cards #cards 12 size 40 Howl #buckets 4 coarsen threshold 1843 Howl Bitmap #cards 512 size 80 coarsen threshold 460 Card regions per heap region 1 cards per card region 2048
 CPUs: 8 total, 8 available
 Memory: 7987M
 Large Page Support: Disabled
 NUMA Support: Disabled
 Compressed Oops: Enabled (32-bit)
 Heap Region Size: 1M
 Heap Min Capacity: 8M
 Heap Initial Capacity: 126M
 Heap Max Capacity: 1998M
 Pre-touch: Disabled
 Parallel Workers: 8
 Concurrent Workers: 2
 Concurrent Refinement Workers: 8
 Periodic GC: Disabled
Heap:
 garbage-first heap   total 73728K, used 47419K [0x0000000083200000, 0x0000000100000000)
  region size 1024K, 11 young (11264K), 4 survivors (4096K)
 Metaspace       used 75986K, committed 76672K, reserved 1179648K
  class space    used 10299K, committed 10624K, reserved 1048576K
GC Heap History (20 events):
Event: 13.566 GC heap before
{Heap before GC invocations=14 (full 0):
 garbage-first heap   total 70656K, used 60388K [0x0000000083200000, 0x0000000100000000)
  region size 1024K, 33 young (33792K), 3 survivors (3072K)
 Metaspace       used 43573K, committed 44160K, reserved 1114112K
  class space    used 5592K, committed 5888K, reserved 1048576K
}
Event: 13.574 GC heap after
{Heap after GC invocations=15 (full 0):
 garbage-first heap   total 70656K, used 30558K [0x0000000083200000, 0x0000000100000000)
  region size 1024K, 4 young (4096K), 4 survivors (4096K)
 Metaspace       used 43573K, committed 44160K, reserved 1114112K
  class space    used 5592K, committed 5888K, reserved 1048576K
}
Event: 14.468 GC heap before
{Heap before GC invocations=15 (full 0):
 garbage-first heap   total 70656K, used 60254K [0x0000000083200000, 0x0000000100000000)
  region size 1024K, 34 young (34816K), 4 survivors (4096K)
 Metaspace       used 47727K, committed 48384K, reserved 1114112K
  class space    used 6083K, committed 6400K, reserved 1048576K
}
Event: 14.472 GC heap after
{Heap after GC invocations=16 (full 0):
 garbage-first heap   total 70656K, used 32168K [0x0000000083200000, 0x0000000100000000)
  region size 1024K, 4 young (4096K), 4 survivors (4096K)
 Metaspace       used 47727K, committed 48384K, reserved 1114112K
  class space    used 6083K, committed 6400K, reserved 1048576K
}
Event: 16.016 GC heap before
{Heap before GC invocations=16 (full 0):
 garbage-first heap   total 70656K, used 61864K [0x0000000083200000, 0x0000000100000000)
  region size 1024K, 33 young (33792K), 4 survivors (4096K)
 Metaspace       used 54164K, committed 54848K, reserved 1114112K
  class space    used 6989K, committed 7296K, reserved 1048576K
}
Event: 16.021 GC heap after
{Heap after GC invocations=17 (full 0):
 garbage-first heap   total 70656K, used 34378K [0x0000000083200000, 0x0000000100000000)
  region size 1024K, 5 young (5120K), 5 survivors (5120K)
 Metaspace       used 54164K, committed 54848K, reserved 1114112K
  class space    used 6989K, committed 7296K, reserved 1048576K
}
Event: 17.054 GC heap before
{Heap before GC invocations=17 (full 0):
 garbage-first heap   total 70656K, used 61002K [0x0000000083200000, 0x0000000100000000)
  region size 1024K, 32 young (32768K), 5 survivors (5120K)
 Metaspace       used 58684K, committed 59392K, reserved 1114112K
  class space    used 7694K, committed 8000K, reserved 1048576K
}
Event: 17.062 GC heap after
{Heap after GC invocations=18 (full 0):
 garbage-first heap   total 70656K, used 35230K [0x0000000083200000, 0x0000000100000000)
  region size 1024K, 3 young (3072K), 3 survivors (3072K)
 Metaspace       used 58684K, committed 59392K, reserved 1114112K
  class space    used 7694K, committed 8000K, reserved 1048576K
}
Event: 17.149 GC heap before
{Heap before GC invocations=18 (full 0):
 garbage-first heap   total 70656K, used 37278K [0x0000000083200000, 0x0000000100000000)
  region size 1024K, 6 young (6144K), 3 survivors (3072K)
 Metaspace       used 59498K, committed 60096K, reserved 1114112K
  class space    used 7795K, committed 8064K, reserved 1048576K
}
Event: 17.153 GC heap after
{Heap after GC invocations=19 (full 0):
 garbage-first heap   total 70656K, used 35516K [0x0000000083200000, 0x0000000100000000)
  region size 1024K, 2 young (2048K), 2 survivors (2048K)
 Metaspace       used 59498K, committed 60096K, reserved 1114112K
  class space    used 7795K, committed 8064K, reserved 1048576K
}
Event: 18.855 GC heap before
{Heap before GC invocations=20 (full 0):
 garbage-first heap   total 70656K, used 62140K [0x0000000083200000, 0x0000000100000000)
  region size 1024K, 29 young (29696K), 2 survivors (2048K)
 Metaspace       used 68163K, committed 68864K, reserved 1114112K
  class space    used 9214K, committed 9536K, reserved 1048576K
}
Event: 18.857 GC heap after
{Heap after GC invocations=21 (full 0):
 garbage-first heap   total 70656K, used 36613K [0x0000000083200000, 0x0000000100000000)
  region size 1024K, 3 young (3072K), 3 survivors (3072K)
 Metaspace       used 68163K, committed 68864K, reserved 1114112K
  class space    used 9214K, committed 9536K, reserved 1048576K
}
Event: 19.531 GC heap before
{Heap before GC invocations=21 (full 0):
 garbage-first heap   total 70656K, used 64261K [0x0000000083200000, 0x0000000100000000)
  region size 1024K, 30 young (30720K), 3 survivors (3072K)
 Metaspace       used 71185K, committed 71872K, reserved 1114112K
  class space    used 9580K, committed 9856K, reserved 1048576K
}
Event: 19.538 GC heap after
{Heap after GC invocations=22 (full 0):
 garbage-first heap   total 71680K, used 38256K [0x0000000083200000, 0x0000000100000000)
  region size 1024K, 4 young (4096K), 4 survivors (4096K)
 Metaspace       used 71185K, committed 71872K, reserved 1114112K
  class space    used 9580K, committed 9856K, reserved 1048576K
}
Event: 19.949 GC heap before
{Heap before GC invocations=22 (full 0):
 garbage-first heap   total 71680K, used 65904K [0x0000000083200000, 0x0000000100000000)
  region size 1024K, 31 young (31744K), 4 survivors (4096K)
 Metaspace       used 72786K, committed 73472K, reserved 1114112K
  class space    used 9814K, committed 10112K, reserved 1048576K
}
Event: 19.953 GC heap after
{Heap after GC invocations=23 (full 0):
 garbage-first heap   total 71680K, used 38992K [0x0000000083200000, 0x0000000100000000)
  region size 1024K, 1 young (1024K), 1 survivors (1024K)
 Metaspace       used 72786K, committed 73472K, reserved 1114112K
  class space    used 9814K, committed 10112K, reserved 1048576K
}
Event: 20.339 GC heap before
{Heap before GC invocations=24 (full 0):
 garbage-first heap   total 71680K, used 64592K [0x0000000083200000, 0x0000000100000000)
  region size 1024K, 27 young (27648K), 1 survivors (1024K)
 Metaspace       used 73730K, committed 74432K, reserved 1114112K
  class space    used 9978K, committed 10304K, reserved 1048576K
}
Event: 20.342 GC heap after
{Heap after GC invocations=25 (full 0):
 garbage-first heap   total 71680K, used 40313K [0x0000000083200000, 0x0000000100000000)
  region size 1024K, 3 young (3072K), 3 survivors (3072K)
 Metaspace       used 73730K, committed 74432K, reserved 1114112K
  class space    used 9978K, committed 10304K, reserved 1048576K
}
Event: 21.128 GC heap before
{Heap before GC invocations=25 (full 0):
 garbage-first heap   total 71680K, used 65913K [0x0000000083200000, 0x0000000100000000)
  region size 1024K, 28 young (28672K), 3 survivors (3072K)
 Metaspace       used 75892K, committed 76608K, reserved 1179648K
  class space    used 10283K, committed 10624K, reserved 1048576K
}
Event: 21.134 GC heap after
{Heap after GC invocations=26 (full 0):
 garbage-first heap   total 73728K, used 41275K [0x0000000083200000, 0x0000000100000000)
  region size 1024K, 4 young (4096K), 4 survivors (4096K)
 Metaspace       used 75892K, committed 76608K, reserved 1179648K
  class space    used 10283K, committed 10624K, reserved 1048576K
}

